[2023-11-28 02:00:43] [INFO]    [OmnipathR] Welcome to OmnipathR!
[2023-11-28 02:00:43] [TRACE]   [OmnipathR] Reading JSON from `/home/zzj4347/.cache/OmnipathR/cache.json` (encoding: UTF-8).
[2023-11-28 02:00:43] [TRACE]   [OmnipathR] JSON validation successful: TRUE
[2023-11-28 02:00:43] [INFO]    [OmnipathR] Initialized cache: `/home/zzj4347/.cache/OmnipathR`.
[2023-11-28 02:00:43] [TRACE]   [OmnipathR] Reading JSON from `/home/zzj4347/R/x86_64-pc-linux-gnu-library/4.2/OmnipathR/db/db_def.json` (encoding: UTF-8).
[2023-11-28 02:00:43] [TRACE]   [OmnipathR] JSON validation successful: TRUE
[2023-11-28 02:00:43] [TRACE]   [OmnipathR] Reading JSON from `/home/zzj4347/R/x86_64-pc-linux-gnu-library/4.2/OmnipathR/internal/magic_bytes.json` (encoding: UTF-8).
[2023-11-28 02:00:43] [TRACE]   [OmnipathR] JSON validation successful: TRUE
[2023-11-28 02:00:43] [TRACE]   [OmnipathR] Reading JSON from `/home/zzj4347/R/x86_64-pc-linux-gnu-library/4.2/OmnipathR/internal/urls.json` (encoding: UTF-8).
[2023-11-28 02:00:43] [TRACE]   [OmnipathR] JSON validation successful: TRUE
[2023-11-28 02:00:43] [TRACE]   [OmnipathR] Reading JSON from `/home/zzj4347/R/x86_64-pc-linux-gnu-library/4.2/OmnipathR/internal/id_types.json` (encoding: UTF-8).
[2023-11-28 02:00:43] [TRACE]   [OmnipathR] JSON validation successful: TRUE
[2023-11-28 02:00:44] [TRACE]   [OmnipathR] Reading JSON from `https://omnipathdb.org/resources` (encoding: UTF-8).
[2023-11-28 02:00:44] [TRACE]   [OmnipathR] JSON validation successful: TRUE
[2023-11-28 02:00:44] [INFO]    [OmnipathR] Loading database `Ensembl and OMA organism names`.
[2023-11-28 02:00:44] [INFO]    [OmnipathR] Looking up in cache `https://www.ensembl.org/info/about/species.html`: key=7332486db7400730697234bad76ca0c8e4d00799, latest version=1.
[2023-11-28 02:00:44] [TRACE]   [OmnipathR] Cache file path: /home/zzj4347/.cache/OmnipathR/7332486db7400730697234bad76ca0c8e4d00799-1.html
[2023-11-28 02:00:45] [TRACE]   [OmnipathR] Looking up in cache: `https://omabrowser.org/All/oma-species.txt`.
[2023-11-28 02:00:45] [TRACE]   [OmnipathR] Loaded data from RDS `/home/zzj4347/.cache/OmnipathR/30e690cbb55dfc63b5903ab337f34ffc2f4be397-1.rds`.
[2023-11-28 02:00:45] [INFO]    [OmnipathR] Loaded database `Ensembl and OMA organism names`.
[2023-11-28 02:00:46] [TRACE]   [OmnipathR] Reading JSON from `https://omnipathdb.org/resources` (encoding: UTF-8).
[2023-11-28 02:00:46] [TRACE]   [OmnipathR] JSON validation successful: TRUE
[2023-11-28 02:00:46] [TRACE]   [OmnipathR] Looking up in cache: `https://omnipathdb.org/annotations?resources=PROGENy&license=academic`
[2023-11-28 02:00:47] [TRACE]   [OmnipathR] Loaded data from RDS `/home/zzj4347/.cache/OmnipathR/3492392585ba05414edfae46801492076437d7e7-1.rds`.
[2023-11-28 02:00:47] [INFO]    [OmnipathR] Loaded from cache: `https://omnipathdb.org/annotations?resources=PROGENy&license=academic`
[2023-11-28 02:00:47] [SUCCESS] [OmnipathR] Loaded 700239 annotation records from cache.
