[2023-11-28 00:07:42] [INFO]    [OmnipathR] Welcome to OmnipathR!
[2023-11-28 00:07:42] [TRACE]   [OmnipathR] Reading JSON from `/home/zzj4347/.cache/OmnipathR/cache.json` (encoding: UTF-8).
[2023-11-28 00:07:42] [TRACE]   [OmnipathR] JSON validation successful: TRUE
[2023-11-28 00:07:42] [INFO]    [OmnipathR] Initialized cache: `/home/zzj4347/.cache/OmnipathR`.
[2023-11-28 00:07:42] [TRACE]   [OmnipathR] Reading JSON from `/home/zzj4347/R/x86_64-pc-linux-gnu-library/4.2/OmnipathR/db/db_def.json` (encoding: UTF-8).
[2023-11-28 00:07:42] [TRACE]   [OmnipathR] JSON validation successful: TRUE
[2023-11-28 00:07:43] [TRACE]   [OmnipathR] Reading JSON from `/home/zzj4347/R/x86_64-pc-linux-gnu-library/4.2/OmnipathR/internal/magic_bytes.json` (encoding: UTF-8).
[2023-11-28 00:07:43] [TRACE]   [OmnipathR] JSON validation successful: TRUE
[2023-11-28 00:07:43] [TRACE]   [OmnipathR] Reading JSON from `/home/zzj4347/R/x86_64-pc-linux-gnu-library/4.2/OmnipathR/internal/urls.json` (encoding: UTF-8).
[2023-11-28 00:07:43] [TRACE]   [OmnipathR] JSON validation successful: TRUE
[2023-11-28 00:07:43] [TRACE]   [OmnipathR] Reading JSON from `/home/zzj4347/R/x86_64-pc-linux-gnu-library/4.2/OmnipathR/internal/id_types.json` (encoding: UTF-8).
[2023-11-28 00:07:43] [TRACE]   [OmnipathR] JSON validation successful: TRUE
[2023-11-28 00:07:43] [TRACE]   [OmnipathR] Reading JSON from `https://omnipathdb.org/resources` (encoding: UTF-8).
[2023-11-28 00:07:43] [TRACE]   [OmnipathR] JSON validation successful: TRUE
[2023-11-28 00:07:43] [INFO]    [OmnipathR] Loading database `Ensembl and OMA organism names`.
[2023-11-28 00:07:43] [TRACE]   [OmnipathR] Reading JSON from `/home/zzj4347/.cache/OmnipathR/cache.json` (encoding: UTF-8).
[2023-11-28 00:07:43] [TRACE]   [OmnipathR] JSON validation successful: TRUE
[2023-11-28 00:07:43] [INFO]    [OmnipathR] Looking up in cache `https://www.ensembl.org/info/about/species.html`: key=7332486db7400730697234bad76ca0c8e4d00799, no version available.
[2023-11-28 00:07:43] [TRACE]   [OmnipathR] Reading JSON from `/home/zzj4347/.cache/OmnipathR/cache.json` (encoding: UTF-8).
[2023-11-28 00:07:43] [TRACE]   [OmnipathR] JSON validation successful: TRUE
[2023-11-28 00:07:43] [INFO]    [OmnipathR] Created new version for cache record 7332486db7400730697234bad76ca0c8e4d00799: version 1.
[2023-11-28 00:07:43] [TRACE]   [OmnipathR] Cache file path: /home/zzj4347/.cache/OmnipathR/7332486db7400730697234bad76ca0c8e4d00799-1.html
[2023-11-28 00:07:43] [INFO]    [OmnipathR] Retrieving URL: `https://www.ensembl.org/info/about/species.html`
[2023-11-28 00:07:43] [TRACE]   [OmnipathR] Attempt 1/3: `https://www.ensembl.org/info/about/species.html`
[2023-11-28 00:07:44] [TRACE]   [OmnipathR] HTTP 200
[2023-11-28 00:07:44] [INFO]    [OmnipathR] Download ready [key=7332486db7400730697234bad76ca0c8e4d00799, version=1]
[2023-11-28 00:07:44] [TRACE]   [OmnipathR] Reading JSON from `/home/zzj4347/.cache/OmnipathR/cache.json` (encoding: UTF-8).
[2023-11-28 00:07:44] [TRACE]   [OmnipathR] JSON validation successful: TRUE
[2023-11-28 00:07:44] [INFO]    [OmnipathR] Cache item `7332486db7400730697234bad76ca0c8e4d00799` version 1: status changed from `unknown` to `ready`.
[2023-11-28 00:07:45] [TRACE]   [OmnipathR] Looking up in cache: `https://omabrowser.org/All/oma-species.txt`.
[2023-11-28 00:07:45] [INFO]    [OmnipathR] Cache record does not exist: `https://omabrowser.org/All/oma-species.txt`
[2023-11-28 00:07:45] [TRACE]   [OmnipathR] Could not find in cache, initiating download: `https://omabrowser.org/All/oma-species.txt`.
[2023-11-28 00:07:45] [TRACE]   [OmnipathR] Reading JSON from `/home/zzj4347/.cache/OmnipathR/cache.json` (encoding: UTF-8).
[2023-11-28 00:07:45] [TRACE]   [OmnipathR] JSON validation successful: TRUE
[2023-11-28 00:07:45] [TRACE]   [OmnipathR] Reading JSON from `/home/zzj4347/.cache/OmnipathR/cache.json` (encoding: UTF-8).
[2023-11-28 00:07:45] [TRACE]   [OmnipathR] JSON validation successful: TRUE
[2023-11-28 00:07:45] [INFO]    [OmnipathR] Cache item `30e690cbb55dfc63b5903ab337f34ffc2f4be397` version 1: status changed from `unknown` to `started`.
[2023-11-28 00:07:45] [TRACE]   [OmnipathR] Exporting object to RDS: `/home/zzj4347/.cache/OmnipathR/30e690cbb55dfc63b5903ab337f34ffc2f4be397-1.rds`.
[2023-11-28 00:07:45] [INFO]    [OmnipathR] Retrieving URL: `https://omabrowser.org/All/oma-species.txt`
[2023-11-28 00:07:45] [TRACE]   [OmnipathR] Attempt 1/3: `https://omabrowser.org/All/oma-species.txt`
[2023-11-28 00:07:47] [TRACE]   [OmnipathR] Exported RDS to `/home/zzj4347/.cache/OmnipathR/30e690cbb55dfc63b5903ab337f34ffc2f4be397-1.rds`.
[2023-11-28 00:07:47] [INFO]    [OmnipathR] Download ready [key=30e690cbb55dfc63b5903ab337f34ffc2f4be397, version=1]
[2023-11-28 00:07:47] [TRACE]   [OmnipathR] Reading JSON from `/home/zzj4347/.cache/OmnipathR/cache.json` (encoding: UTF-8).
[2023-11-28 00:07:47] [TRACE]   [OmnipathR] JSON validation successful: TRUE
[2023-11-28 00:07:47] [INFO]    [OmnipathR] Cache item `30e690cbb55dfc63b5903ab337f34ffc2f4be397` version 1: status changed from `started` to `ready`.
[2023-11-28 00:07:47] [INFO]    [OmnipathR] Loaded database `Ensembl and OMA organism names`.
[2023-11-28 00:07:48] [TRACE]   [OmnipathR] Reading JSON from `https://omnipathdb.org/resources` (encoding: UTF-8).
[2023-11-28 00:07:48] [TRACE]   [OmnipathR] JSON validation successful: TRUE
[2023-11-28 00:07:48] [TRACE]   [OmnipathR] Looking up in cache: `https://omnipathdb.org/annotations?resources=PROGENy&license=academic`
[2023-11-28 00:07:48] [INFO]    [OmnipathR] Cache record does not exist: `https://omnipathdb.org/annotations?resources=PROGENy&license=academic`
[2023-11-28 00:07:48] [TRACE]   [OmnipathR] Looking up in cache: `http://no-tls.omnipathdb.org/annotations?resources=PROGENy&license=academic`
[2023-11-28 00:07:48] [INFO]    [OmnipathR] Cache record does not exist: `http://no-tls.omnipathdb.org/annotations?resources=PROGENy&license=academic`
[2023-11-28 00:07:48] [TRACE]   [OmnipathR] Attempting `https://omnipathdb.org/annotations?resources=PROGENy&license=academic`
[2023-11-28 00:07:48] [INFO]    [OmnipathR] Retrieving URL: `https://omnipathdb.org/annotations?resources=PROGENy&license=academic`
[2023-11-28 00:07:48] [TRACE]   [OmnipathR] Attempt 1/3: `https://omnipathdb.org/annotations?resources=PROGENy&license=academic`
[2023-11-28 00:07:50] [INFO]    [OmnipathR] Successfully retrieved: `https://omnipathdb.org/annotations?resources=PROGENy&license=academic`
[2023-11-28 00:07:50] [TRACE]   [OmnipathR] Reading JSON from `/home/zzj4347/.cache/OmnipathR/cache.json` (encoding: UTF-8).
[2023-11-28 00:07:50] [TRACE]   [OmnipathR] JSON validation successful: TRUE
[2023-11-28 00:07:50] [TRACE]   [OmnipathR] Reading JSON from `/home/zzj4347/.cache/OmnipathR/cache.json` (encoding: UTF-8).
[2023-11-28 00:07:50] [TRACE]   [OmnipathR] JSON validation successful: TRUE
[2023-11-28 00:07:50] [INFO]    [OmnipathR] Cache item `3492392585ba05414edfae46801492076437d7e7` version 1: status changed from `unknown` to `started`.
[2023-11-28 00:07:50] [TRACE]   [OmnipathR] Exporting object to RDS: `/home/zzj4347/.cache/OmnipathR/3492392585ba05414edfae46801492076437d7e7-1.rds`.
[2023-11-28 00:07:53] [TRACE]   [OmnipathR] Exported RDS to `/home/zzj4347/.cache/OmnipathR/3492392585ba05414edfae46801492076437d7e7-1.rds`.
[2023-11-28 00:07:53] [INFO]    [OmnipathR] Download ready [key=3492392585ba05414edfae46801492076437d7e7, version=1]
[2023-11-28 00:07:53] [TRACE]   [OmnipathR] Reading JSON from `/home/zzj4347/.cache/OmnipathR/cache.json` (encoding: UTF-8).
[2023-11-28 00:07:53] [TRACE]   [OmnipathR] JSON validation successful: TRUE
[2023-11-28 00:07:53] [INFO]    [OmnipathR] Cache item `3492392585ba05414edfae46801492076437d7e7` version 1: status changed from `started` to `ready`.
[2023-11-28 00:07:53] [SUCCESS] [OmnipathR] Downloaded 700239 annotation records.
[2023-11-28 00:09:18] [TRACE]   [OmnipathR] Reading JSON from `https://omnipathdb.org/resources` (encoding: UTF-8).
[2023-11-28 00:09:18] [TRACE]   [OmnipathR] JSON validation successful: TRUE
[2023-11-28 00:13:57] [TRACE]   [OmnipathR] Reading JSON from `https://omnipathdb.org/resources` (encoding: UTF-8).
[2023-11-28 00:13:57] [TRACE]   [OmnipathR] JSON validation successful: TRUE
[2023-11-28 00:13:58] [TRACE]   [OmnipathR] Reading JSON from `https://omnipathdb.org/resources` (encoding: UTF-8).
[2023-11-28 00:13:58] [TRACE]   [OmnipathR] JSON validation successful: TRUE
[2023-11-28 00:13:58] [TRACE]   [OmnipathR] Looking up in cache: `https://omnipathdb.org/annotations?resources=GO_Intercell&license=academic`
[2023-11-28 00:13:58] [INFO]    [OmnipathR] Cache record does not exist: `https://omnipathdb.org/annotations?resources=GO_Intercell&license=academic`
[2023-11-28 00:13:58] [TRACE]   [OmnipathR] Looking up in cache: `http://no-tls.omnipathdb.org/annotations?resources=GO_Intercell&license=academic`
[2023-11-28 00:13:58] [INFO]    [OmnipathR] Cache record does not exist: `http://no-tls.omnipathdb.org/annotations?resources=GO_Intercell&license=academic`
[2023-11-28 00:13:58] [TRACE]   [OmnipathR] Attempting `https://omnipathdb.org/annotations?resources=GO_Intercell&license=academic`
[2023-11-28 00:13:58] [INFO]    [OmnipathR] Retrieving URL: `https://omnipathdb.org/annotations?resources=GO_Intercell&license=academic`
[2023-11-28 00:13:58] [TRACE]   [OmnipathR] Attempt 1/3: `https://omnipathdb.org/annotations?resources=GO_Intercell&license=academic`
[2023-11-28 00:14:00] [INFO]    [OmnipathR] Successfully retrieved: `https://omnipathdb.org/annotations?resources=GO_Intercell&license=academic`
[2023-11-28 00:14:00] [TRACE]   [OmnipathR] Reading JSON from `/home/zzj4347/.cache/OmnipathR/cache.json` (encoding: UTF-8).
[2023-11-28 00:14:00] [TRACE]   [OmnipathR] JSON validation successful: TRUE
[2023-11-28 00:14:00] [TRACE]   [OmnipathR] Reading JSON from `/home/zzj4347/.cache/OmnipathR/cache.json` (encoding: UTF-8).
[2023-11-28 00:14:00] [TRACE]   [OmnipathR] JSON validation successful: TRUE
[2023-11-28 00:14:00] [INFO]    [OmnipathR] Cache item `80cae9d84623d6fa72384f2842020ef508b81c4f` version 1: status changed from `unknown` to `started`.
[2023-11-28 00:14:00] [TRACE]   [OmnipathR] Exporting object to RDS: `/home/zzj4347/.cache/OmnipathR/80cae9d84623d6fa72384f2842020ef508b81c4f-1.rds`.
[2023-11-28 00:14:00] [TRACE]   [OmnipathR] Exported RDS to `/home/zzj4347/.cache/OmnipathR/80cae9d84623d6fa72384f2842020ef508b81c4f-1.rds`.
[2023-11-28 00:14:00] [INFO]    [OmnipathR] Download ready [key=80cae9d84623d6fa72384f2842020ef508b81c4f, version=1]
[2023-11-28 00:14:00] [TRACE]   [OmnipathR] Reading JSON from `/home/zzj4347/.cache/OmnipathR/cache.json` (encoding: UTF-8).
[2023-11-28 00:14:00] [TRACE]   [OmnipathR] JSON validation successful: TRUE
[2023-11-28 00:14:00] [INFO]    [OmnipathR] Cache item `80cae9d84623d6fa72384f2842020ef508b81c4f` version 1: status changed from `started` to `ready`.
[2023-11-28 00:14:00] [SUCCESS] [OmnipathR] Downloaded 46955 annotation records.
[2023-11-28 01:11:34] [TRACE]   [OmnipathR] Reading JSON from `https://omnipathdb.org/resources` (encoding: UTF-8).
[2023-11-28 01:11:34] [TRACE]   [OmnipathR] JSON validation successful: TRUE
[2023-11-28 01:11:35] [TRACE]   [OmnipathR] Reading JSON from `https://omnipathdb.org/resources` (encoding: UTF-8).
[2023-11-28 01:11:35] [TRACE]   [OmnipathR] JSON validation successful: TRUE
[2023-11-28 01:11:35] [TRACE]   [OmnipathR] Looking up in cache: `https://omnipathdb.org/annotations?resources=PROGENy&license=academic`
[2023-11-28 01:11:36] [TRACE]   [OmnipathR] Loaded data from RDS `/home/zzj4347/.cache/OmnipathR/3492392585ba05414edfae46801492076437d7e7-1.rds`.
[2023-11-28 01:11:36] [INFO]    [OmnipathR] Loaded from cache: `https://omnipathdb.org/annotations?resources=PROGENy&license=academic`
[2023-11-28 01:11:36] [SUCCESS] [OmnipathR] Loaded 700239 annotation records from cache.
[2023-11-28 04:11:36] [TRACE]   [OmnipathR] Removing database `Ensembl and OMA organism names` (not used in the past 10800 seconds)
